<?xml version="1.0" encoding="UTF-8"?>
<!-- Generated by org.testng.reporters.JUnitReportReporter -->
<testsuite hostname="DESKTOP-ILPKCNS" failures="0" tests="2" name="TestNGPackage.Test4" time="0.020" errors="0" timestamp="2023-11-04T15:30:44 IST" skipped="0">
  <testcase classname="TestNGPackage.Test4" name="home" time="0.018"/>
  <testcase classname="TestNGPackage.Test4" name="home1" time="0.002"/>
</testsuite> <!-- TestNGPackage.Test4 -->
