<?xml version="1.0" encoding="UTF-8"?>
<!-- Generated by org.testng.reporters.JUnitReportReporter -->
<testsuite hostname="DESKTOP-ILPKCNS" failures="0" tests="1" name="package1.CreateOrganization" time="61.197" errors="0" timestamp="2023-11-04T14:10:50 IST" skipped="0">
  <testcase classname="package1.CreateOrganization" name="organization" time="61.197"/>
</testsuite> <!-- package1.CreateOrganization -->
