<?xml version="1.0" encoding="UTF-8"?>
<!-- Generated by org.testng.reporters.JUnitReportReporter -->
<testsuite hostname="DESKTOP-ILPKCNS" failures="0" tests="4" name="TestNGPackage.Test1" time="39.919" errors="0" timestamp="2023-11-04T14:24:29 IST" skipped="0">
  <testcase classname="TestNGPackage.Test1" name="zomato" time="12.285"/>
  <testcase classname="TestNGPackage.Test1" name="zomato" time="11.083"/>
  <testcase classname="TestNGPackage.Test1" name="instagram" time="7.066"/>
  <testcase classname="TestNGPackage.Test1" name="facebook" time="9.485"/>
</testsuite> <!-- TestNGPackage.Test1 -->
