<?xml version="1.0" encoding="UTF-8"?>
<!-- Generated by org.testng.reporters.JUnitReportReporter -->
<testsuite hostname="DESKTOP-ILPKCNS" failures="0" tests="1" name="package1.CreateContPOM" time="28.083" errors="0" timestamp="2023-11-03T15:05:37 IST" skipped="0">
  <testcase classname="package1.CreateContPOM" name="Contact" time="28.083"/>
</testsuite> <!-- package1.CreateContPOM -->
